<?xml version="1.0" encoding="UTF-8"?>
<testng-results ignored="0" total="1" passed="1" failed="0" skipped="0">
  <reporter-output>
  </reporter-output>
  <suite started-at="2021-03-06T17:42:26Z" name="theCompleteTestingStory" finished-at="2021-03-06T17:42:36Z" duration-ms="10532">
    <groups>
    </groups>
    <test started-at="2021-03-06T17:42:26Z" name="VeriPorkInternetBanking" finished-at="2021-03-06T17:42:36Z" duration-ms="10532">
      <class name="com.myOwnOne.lambda.Lambdatest">
        <test-method is-config="true" signature="setUp()[pri:0, instance:com.myOwnOne.lambda.Lambdatest@54c562f7]" started-at="2021-03-06T17:42:26Z" name="setUp" finished-at="2021-03-06T17:42:33Z" duration-ms="6864" status="PASS">
          <reporter-output>
          </reporter-output>
        </test-method> <!-- setUp -->
        <test-method signature="testScript()[pri:0, instance:com.myOwnOne.lambda.Lambdatest@54c562f7]" started-at="2021-03-06T17:42:33Z" name="testScript" finished-at="2021-03-06T17:42:36Z" duration-ms="3650" status="PASS">
          <reporter-output>
          </reporter-output>
        </test-method> <!-- testScript -->
      </class> <!-- com.myOwnOne.lambda.Lambdatest -->
    </test> <!-- VeriPorkInternetBanking -->
  </suite> <!-- theCompleteTestingStory -->
</testng-results>
